[2025-05-25 11:57:04] [ERROR] Could not find SSH auth logs
[2025-05-25 11:57:04] [ERROR] Could not find SSH auth logs
[2025-05-25 11:57:08] [INFO] No IPs currently blocked
[2025-05-25 11:57:12] [INFO] 🔍 Running all security scans...
[2025-05-25 11:57:12] [INFO] 
=== NETWORK SCAN ===
[2025-05-25 11:57:12] [INFO] Hostname: DESKTOP-EDKH6J0
[2025-05-25 11:57:12] [INFO] IP Address: 192.168.1.9
[2025-05-25 11:57:12] [INFO] 
=== PROCESS SCAN ===
[2025-05-25 11:57:12] [INFO] {'pid': 0, 'username': 'NT AUTHORITY\\SYSTEM', 'name': 'System Idle Process'}
[2025-05-25 11:57:13] [INFO] {'pid': 4, 'username': 'NT AUTHORITY\\SYSTEM', 'name': 'System'}
[2025-05-25 11:57:13] [INFO] {'pid': 120, 'username': None, 'name': ''}
[2025-05-25 11:57:13] [INFO] {'pid': 204, 'username': None, 'name': 'Registry'}
[2025-05-25 11:57:13] [INFO] {'pid': 360, 'username': 'DESKTOP-EDKH6J0\\frknc', 'name': 'cmd.exe'}
[2025-05-25 11:57:13] [INFO] {'pid': 680, 'username': None, 'name': 'smss.exe'}
[2025-05-25 11:57:13] [INFO] {'pid': 1008, 'username': None, 'name': 'csrss.exe'}
[2025-05-25 11:57:13] [INFO] {'pid': 1100, 'username': None, 'name': 'wininit.exe'}
[2025-05-25 11:57:13] [INFO] {'pid': 1172, 'username': None, 'name': 'services.exe'}
[2025-05-25 11:57:13] [INFO] {'pid': 1192, 'username': None, 'name': 'LsaIso.exe'}
[2025-05-25 11:57:13] [INFO] {'pid': 1204, 'username': None, 'name': 'lsass.exe'}
[2025-05-25 11:57:13] [INFO] {'pid': 1316, 'username': None, 'name': 'svchost.exe'}
[2025-05-25 11:57:13] [INFO] {'pid': 1340, 'username': None, 'name': 'fontdrvhost.exe'}
[2025-05-25 11:57:13] [INFO] {'pid': 1412, 'username': None, 'name': 'WUDFHost.exe'}
[2025-05-25 11:57:13] [INFO] {'pid': 1428, 'username': None, 'name': 'svchost.exe'}
[2025-05-25 11:57:13] [INFO] {'pid': 1504, 'username': None, 'name': 'svchost.exe'}
[2025-05-25 11:57:13] [INFO] {'pid': 1572, 'username': None, 'name': 'WUDFHost.exe'}
[2025-05-25 11:57:13] [INFO] {'pid': 1732, 'username': None, 'name': 'IntelCpHDCPSvc.exe'}
[2025-05-25 11:57:13] [INFO] {'pid': 1796, 'username': None, 'name': 'svchost.exe'}
[2025-05-25 11:57:13] [INFO] {'pid': 1832, 'username': None, 'name': 'svchost.exe'}
[2025-05-25 11:57:13] [INFO] {'pid': 1908, 'username': 'DESKTOP-EDKH6J0\\frknc', 'name': 'nvcontainer.exe'}
[2025-05-25 11:57:13] [INFO] {'pid': 1916, 'username': None, 'name': 'svchost.exe'}
[2025-05-25 11:57:13] [INFO] {'pid': 1924, 'username': None, 'name': 'svchost.exe'}
[2025-05-25 11:57:13] [INFO] {'pid': 1960, 'username': None, 'name': 'svchost.exe'}
[2025-05-25 11:57:13] [INFO] {'pid': 1980, 'username': None, 'name': 'svchost.exe'}
[2025-05-25 11:57:13] [INFO] {'pid': 2004, 'username': None, 'name': 'svchost.exe'}
[2025-05-25 11:57:13] [INFO] {'pid': 2012, 'username': None, 'name': 'svchost.exe'}
[2025-05-25 11:57:13] [INFO] {'pid': 2056, 'username': None, 'name': 'svchost.exe'}
[2025-05-25 11:57:13] [INFO] {'pid': 2108, 'username': None, 'name': 'svchost.exe'}
[2025-05-25 11:57:13] [INFO] {'pid': 2156, 'username': None, 'name': 'svchost.exe'}
[2025-05-25 11:57:13] [INFO] {'pid': 2308, 'username': None, 'name': 'svchost.exe'}
[2025-05-25 11:57:13] [INFO] {'pid': 2328, 'username': None, 'name': 'svchost.exe'}
[2025-05-25 11:57:13] [INFO] {'pid': 2536, 'username': None, 'name': 'svchost.exe'}
[2025-05-25 11:57:13] [INFO] {'pid': 2624, 'username': None, 'name': 'svchost.exe'}
[2025-05-25 11:57:13] [INFO] {'pid': 2680, 'username': None, 'name': 'svchost.exe'}
[2025-05-25 11:57:13] [INFO] {'pid': 2716, 'username': None, 'name': 'svchost.exe'}
[2025-05-25 11:57:13] [INFO] {'pid': 2936, 'username': None, 'name': 'NVDisplay.Container.exe'}
[2025-05-25 11:57:13] [INFO] {'pid': 3036, 'username': None, 'name': 'svchost.exe'}
[2025-05-25 11:57:13] [INFO] {'pid': 3044, 'username': None, 'name': 'svchost.exe'}
[2025-05-25 11:57:13] [INFO] {'pid': 3064, 'username': None, 'name': 'svchost.exe'}
[2025-05-25 11:57:13] [INFO] {'pid': 3176, 'username': None, 'name': 'svchost.exe'}
[2025-05-25 11:57:13] [INFO] {'pid': 3192, 'username': None, 'name': 'MemCompression'}
[2025-05-25 11:57:13] [INFO] {'pid': 3216, 'username': None, 'name': 'svchost.exe'}
[2025-05-25 11:57:13] [INFO] {'pid': 3276, 'username': None, 'name': 'svchost.exe'}
[2025-05-25 11:57:13] [INFO] {'pid': 3296, 'username': None, 'name': 'svchost.exe'}
[2025-05-25 11:57:13] [INFO] {'pid': 3328, 'username': None, 'name': 'svchost.exe'}
[2025-05-25 11:57:13] [INFO] {'pid': 3340, 'username': None, 'name': 'svchost.exe'}
[2025-05-25 11:57:13] [INFO] {'pid': 3460, 'username': None, 'name': 'svchost.exe'}
[2025-05-25 11:57:13] [INFO] {'pid': 3476, 'username': None, 'name': 'svchost.exe'}
[2025-05-25 11:57:13] [INFO] {'pid': 3828, 'username': None, 'name': 'svchost.exe'}
[2025-05-25 11:57:13] [INFO] {'pid': 3836, 'username': None, 'name': 'svchost.exe'}
[2025-05-25 11:57:13] [INFO] {'pid': 4076, 'username': None, 'name': 'CTAudSvc.exe'}
[2025-05-25 11:57:13] [INFO] {'pid': 4100, 'username': None, 'name': 'WmiPrvSE.exe'}
[2025-05-25 11:57:13] [INFO] {'pid': 4168, 'username': None, 'name': 'svchost.exe'}
[2025-05-25 11:57:13] [INFO] {'pid': 4260, 'username': None, 'name': 'svchost.exe'}
[2025-05-25 11:57:13] [INFO] {'pid': 4360, 'username': None, 'name': 'svchost.exe'}
[2025-05-25 11:57:13] [INFO] {'pid': 4400, 'username': None, 'name': 'svchost.exe'}
[2025-05-25 11:57:13] [INFO] {'pid': 4464, 'username': None, 'name': 'svchost.exe'}
[2025-05-25 11:57:13] [INFO] {'pid': 4556, 'username': None, 'name': 'wlanext.exe'}
[2025-05-25 11:57:13] [INFO] {'pid': 4564, 'username': None, 'name': 'conhost.exe'}
[2025-05-25 11:57:13] [INFO] {'pid': 4684, 'username': None, 'name': 'Intel_PIE_Service.exe'}
[2025-05-25 11:57:13] [INFO] {'pid': 4820, 'username': None, 'name': 'spoolsv.exe'}
[2025-05-25 11:57:13] [INFO] {'pid': 4896, 'username': None, 'name': 'svchost.exe'}
[2025-05-25 11:57:13] [INFO] {'pid': 4928, 'username': None, 'name': 'svchost.exe'}
[2025-05-25 11:57:13] [INFO] {'pid': 5100, 'username': None, 'name': 'svchost.exe'}
[2025-05-25 11:57:13] [INFO] {'pid': 5112, 'username': None, 'name': 'svchost.exe'}
[2025-05-25 11:57:13] [INFO] {'pid': 5184, 'username': None, 'name': 'armsvc.exe'}
[2025-05-25 11:57:13] [INFO] {'pid': 5192, 'username': None, 'name': 'svchost.exe'}
[2025-05-25 11:57:13] [INFO] {'pid': 5204, 'username': None, 'name': 'svchost.exe'}
[2025-05-25 11:57:13] [INFO] {'pid': 5216, 'username': None, 'name': 'svchost.exe'}
[2025-05-25 11:57:13] [INFO] {'pid': 5248, 'username': None, 'name': 'Creative.VADMonitorService.exe'}
[2025-05-25 11:57:13] [INFO] {'pid': 5264, 'username': None, 'name': 'avp.exe'}
[2025-05-25 11:57:13] [INFO] {'pid': 5272, 'username': None, 'name': 'GCUBridge.exe'}
[2025-05-25 11:57:13] [INFO] {'pid': 5284, 'username': 'DESKTOP-EDKH6J0\\frknc', 'name': 'NVIDIA Overlay.exe'}
[2025-05-25 11:57:13] [INFO] {'pid': 5288, 'username': None, 'name': 'IntelAudioService.exe'}
[2025-05-25 11:57:13] [INFO] {'pid': 5296, 'username': None, 'name': 'HPPrintScanDoctorService.exe'}
[2025-05-25 11:57:13] [INFO] {'pid': 5304, 'username': None, 'name': 'OneApp.IGCC.WinService.exe'}
[2025-05-25 11:57:13] [INFO] {'pid': 5312, 'username': None, 'name': 'WMIRegistrationService.exe'}
[2025-05-25 11:57:13] [INFO] {'pid': 5320, 'username': None, 'name': 'jhi_service.exe'}
[2025-05-25 11:57:13] [INFO] {'pid': 5328, 'username': None, 'name': 'svchost.exe'}
[2025-05-25 11:57:13] [INFO] {'pid': 5336, 'username': None, 'name': 'ipf_uf.exe'}
[2025-05-25 11:57:13] [INFO] {'pid': 5348, 'username': None, 'name': 'Service.exe'}
[2025-05-25 11:57:13] [INFO] {'pid': 5356, 'username': None, 'name': 'kpm_service.exe'}
[2025-05-25 11:57:13] [INFO] {'pid': 5364, 'username': None, 'name': 'PnkBstrA.exe'}
[2025-05-25 11:57:13] [INFO] {'pid': 5380, 'username': None, 'name': 'RazerCentralService.exe'}
[2025-05-25 11:57:13] [INFO] {'pid': 5388, 'username': None, 'name': 'RzSDKService.exe'}
[2025-05-25 11:57:13] [INFO] {'pid': 5396, 'username': None, 'name': 'svchost.exe'}
[2025-05-25 11:57:13] [INFO] {'pid': 5404, 'username': None, 'name': 'TFSPEQService.exe'}
[2025-05-25 11:57:13] [INFO] {'pid': 5412, 'username': None, 'name': 'RtkAudUService64.exe'}
[2025-05-25 11:57:13] [INFO] {'pid': 5420, 'username': None, 'name': 'GameManagerService.exe'}
[2025-05-25 11:57:13] [INFO] {'pid': 5432, 'username': None, 'name': 'svchost.exe'}
[2025-05-25 11:57:13] [INFO] {'pid': 5440, 'username': None, 'name': 'vmnetdhcp.exe'}
[2025-05-25 11:57:13] [INFO] {'pid': 5448, 'username': None, 'name': 'RzSDKServer.exe'}
[2025-05-25 11:57:13] [INFO] {'pid': 5456, 'username': None, 'name': 'vmware-usbarbitrator64.exe'}
[2025-05-25 11:57:13] [INFO] {'pid': 5464, 'username': None, 'name': 'vmware-authd.exe'}
[2025-05-25 11:57:13] [INFO] {'pid': 5472, 'username': None, 'name': 'vmnat.exe'}
[2025-05-25 11:57:13] [INFO] {'pid': 5516, 'username': None, 'name': 'svchost.exe'}
[2025-05-25 11:57:13] [INFO] {'pid': 5524, 'username': None, 'name': 'svchost.exe'}
[2025-05-25 11:57:13] [INFO] {'pid': 5808, 'username': 'DESKTOP-EDKH6J0\\frknc', 'name': 'SystrayComponent.exe'}
[2025-05-25 11:57:13] [INFO] {'pid': 6072, 'username': None, 'name': 'svchost.exe'}
[2025-05-25 11:57:13] [INFO] {'pid': 6404, 'username': None, 'name': 'conhost.exe'}
[2025-05-25 11:57:13] [INFO] {'pid': 6604, 'username': None, 'name': 'RzAppManager'}
[2025-05-25 11:57:13] [INFO] {'pid': 6648, 'username': None, 'name': 'RzBTLEManager'}
[2025-05-25 11:57:13] [INFO] {'pid': 6684, 'username': None, 'name': 'RzChromaConnectManager'}
[2025-05-25 11:57:13] [INFO] {'pid': 6712, 'username': None, 'name': 'RzChromaConnectServer'}
[2025-05-25 11:57:13] [INFO] {'pid': 6748, 'username': None, 'name': 'RzDeviceManager'}
[2025-05-25 11:57:13] [INFO] {'pid': 6756, 'username': None, 'name': 'conhost.exe'}
[2025-05-25 11:57:13] [INFO] {'pid': 6828, 'username': None, 'name': 'conhost.exe'}
[2025-05-25 11:57:13] [INFO] {'pid': 6836, 'username': None, 'name': 'RzDiagnostic'}
[2025-05-25 11:57:13] [INFO] {'pid': 6848, 'username': None, 'name': 'conhost.exe'}
[2025-05-25 11:57:13] [INFO] {'pid': 6892, 'username': None, 'name': 'conhost.exe'}
[2025-05-25 11:57:13] [INFO] {'pid': 6904, 'username': None, 'name': 'RzIoTDeviceManager'}
[2025-05-25 11:57:13] [INFO] {'pid': 6928, 'username': None, 'name': 'conhost.exe'}
[2025-05-25 11:57:13] [INFO] {'pid': 6968, 'username': None, 'name': 'svchost.exe'}
[2025-05-25 11:57:13] [INFO] {'pid': 6988, 'username': None, 'name': 'RzSmartlightingDeviceManager'}
[2025-05-25 11:57:13] [INFO] {'pid': 7008, 'username': None, 'name': 'conhost.exe'}
[2025-05-25 11:57:13] [INFO] {'pid': 7088, 'username': None, 'name': 'conhost.exe'}
[2025-05-25 11:57:13] [INFO] {'pid': 7136, 'username': 'DESKTOP-EDKH6J0\\frknc', 'name': 'nvcontainer.exe'}
[2025-05-25 11:57:13] [INFO] {'pid': 7144, 'username': None, 'name': 'SecurityHealthService.exe'}
[2025-05-25 11:57:13] [INFO] {'pid': 7352, 'username': None, 'name': 'dllhost.exe'}
[2025-05-25 11:57:13] [INFO] {'pid': 7764, 'username': None, 'name': 'svchost.exe'}
[2025-05-25 11:57:13] [INFO] {'pid': 8224, 'username': None, 'name': 'WmiPrvSE.exe'}
[2025-05-25 11:57:13] [INFO] {'pid': 9196, 'username': None, 'name': 'Razer Synapse Service.exe'}
[2025-05-25 11:57:13] [INFO] {'pid': 9224, 'username': None, 'name': 'AggregatorHost.exe'}
[2025-05-25 11:57:13] [INFO] {'pid': 9356, 'username': None, 'name': 'svchost.exe'}
[2025-05-25 11:57:13] [INFO] {'pid': 9524, 'username': None, 'name': 'RzChromaStreamServer.exe'}
[2025-05-25 11:57:13] [INFO] {'pid': 9632, 'username': None, 'name': 'avp.exe'}
[2025-05-25 11:57:13] [INFO] {'pid': 9800, 'username': 'DESKTOP-EDKH6J0\\frknc', 'name': 'ctfmon.exe'}
[2025-05-25 11:57:13] [INFO] {'pid': 9976, 'username': None, 'name': 'WmiPrvSE.exe'}
[2025-05-25 11:57:13] [INFO] {'pid': 10380, 'username': None, 'name': 'svchost.exe'}
[2025-05-25 11:57:13] [INFO] {'pid': 10472, 'username': None, 'name': 'svchost.exe'}
[2025-05-25 11:57:13] [INFO] {'pid': 10600, 'username': None, 'name': 'svchost.exe'}
[2025-05-25 11:57:13] [INFO] {'pid': 11140, 'username': None, 'name': 'svchost.exe'}
[2025-05-25 11:57:13] [INFO] {'pid': 11272, 'username': None, 'name': 'svchost.exe'}
[2025-05-25 11:57:13] [INFO] {'pid': 11448, 'username': None, 'name': 'svchost.exe'}
[2025-05-25 11:57:13] [INFO] {'pid': 11724, 'username': 'DESKTOP-EDKH6J0\\frknc', 'name': 'opera.exe'}
[2025-05-25 11:57:13] [INFO] {'pid': 12172, 'username': None, 'name': 'svchost.exe'}
[2025-05-25 11:57:13] [INFO] {'pid': 12260, 'username': 'DESKTOP-EDKH6J0\\frknc', 'name': 'python.exe'}
[2025-05-25 11:57:13] [INFO] {'pid': 12416, 'username': None, 'name': 'svchost.exe'}
[2025-05-25 11:57:13] [INFO] {'pid': 12592, 'username': None, 'name': 'svchost.exe'}
[2025-05-25 11:57:13] [INFO] {'pid': 12624, 'username': None, 'name': 'svchost.exe'}
[2025-05-25 11:57:13] [INFO] {'pid': 12732, 'username': 'DESKTOP-EDKH6J0\\frknc', 'name': 'SearchApp.exe'}
[2025-05-25 11:57:13] [INFO] {'pid': 12824, 'username': None, 'name': 'svchost.exe'}
[2025-05-25 11:57:13] [INFO] {'pid': 13056, 'username': None, 'name': 'SearchIndexer.exe'}
[2025-05-25 11:57:13] [INFO] {'pid': 14264, 'username': None, 'name': 'svchost.exe'}
[2025-05-25 11:57:13] [INFO] {'pid': 14532, 'username': 'DESKTOP-EDKH6J0\\frknc', 'name': 'svchost.exe'}
[2025-05-25 11:57:13] [INFO] {'pid': 14872, 'username': None, 'name': 'ksde.exe'}
[2025-05-25 11:57:13] [INFO] {'pid': 14972, 'username': 'DESKTOP-EDKH6J0\\frknc', 'name': 'kpm.exe'}
[2025-05-25 11:57:13] [INFO] {'pid': 16084, 'username': None, 'name': 'WmiPrvSE.exe'}
[2025-05-25 11:57:13] [INFO] {'pid': 16352, 'username': None, 'name': 'svchost.exe'}
[2025-05-25 11:57:13] [INFO] {'pid': 16592, 'username': 'DESKTOP-EDKH6J0\\frknc', 'name': 'NVIDIA Overlay.exe'}
[2025-05-25 11:57:13] [INFO] {'pid': 16696, 'username': None, 'name': 'svchost.exe'}
[2025-05-25 11:57:13] [INFO] {'pid': 17932, 'username': None, 'name': 'svchost.exe'}
[2025-05-25 11:57:13] [INFO] {'pid': 18772, 'username': None, 'name': 'dllhost.exe'}
[2025-05-25 11:57:13] [INFO] {'pid': 19548, 'username': None, 'name': 'svchost.exe'}
[2025-05-25 11:57:13] [INFO] {'pid': 20132, 'username': None, 'name': 'nvcontainer.exe'}
[2025-05-25 11:57:13] [INFO] {'pid': 20476, 'username': None, 'name': 'svchost.exe'}
[2025-05-25 11:57:13] [INFO] {'pid': 20528, 'username': None, 'name': 'avp.exe'}
[2025-05-25 11:57:13] [INFO] {'pid': 21156, 'username': None, 'name': 'avp.exe'}
[2025-05-25 11:57:13] [INFO] {'pid': 21396, 'username': 'DESKTOP-EDKH6J0\\frknc', 'name': 'conhost.exe'}
[2025-05-25 11:57:13] [INFO] {'pid': 22136, 'username': None, 'name': 'svchost.exe'}
[2025-05-25 11:57:13] [INFO] {'pid': 22248, 'username': None, 'name': 'svchost.exe'}
[2025-05-25 11:57:13] [INFO] {'pid': 22276, 'username': None, 'name': 'svchost.exe'}
[2025-05-25 11:57:13] [INFO] {'pid': 22596, 'username': None, 'name': 'vmcompute.exe'}
[2025-05-25 11:57:13] [INFO] {'pid': 22712, 'username': 'DESKTOP-EDKH6J0\\frknc', 'name': 'Greenshot.exe'}
[2025-05-25 11:57:13] [INFO] {'pid': 23060, 'username': None, 'name': 'dasHost.exe'}
[2025-05-25 11:57:13] [INFO] {'pid': 23200, 'username': 'DESKTOP-EDKH6J0\\frknc', 'name': 'taskhostw.exe'}
[2025-05-25 11:57:13] [INFO] {'pid': 23204, 'username': None, 'name': 'dasHost.exe'}
[2025-05-25 11:57:13] [INFO] {'pid': 23452, 'username': None, 'name': 'wslservice.exe'}
[2025-05-25 11:57:13] [INFO] {'pid': 23532, 'username': 'DESKTOP-EDKH6J0\\frknc', 'name': 'opera.exe'}
[2025-05-25 11:57:13] [INFO] {'pid': 23808, 'username': None, 'name': 'OfficeClickToRun.exe'}
[2025-05-25 11:57:13] [INFO] {'pid': 24284, 'username': 'DESKTOP-EDKH6J0\\frknc', 'name': 'opera.exe'}
[2025-05-25 11:57:13] [INFO] {'pid': 24344, 'username': 'DESKTOP-EDKH6J0\\frknc', 'name': 'NVIDIA Overlay.exe'}
[2025-05-25 11:57:13] [INFO] {'pid': 25480, 'username': 'DESKTOP-EDKH6J0\\frknc', 'name': 'OSDTpDetect.exe'}
[2025-05-25 11:57:13] [INFO] {'pid': 25516, 'username': 'DESKTOP-EDKH6J0\\frknc', 'name': 'opera.exe'}
[2025-05-25 11:57:13] [INFO] {'pid': 25736, 'username': 'DESKTOP-EDKH6J0\\frknc', 'name': 'RTSS.exe'}
[2025-05-25 11:57:13] [INFO] {'pid': 25892, 'username': None, 'name': 'svchost.exe'}
[2025-05-25 11:57:13] [INFO] {'pid': 26080, 'username': None, 'name': 'nvcontainer.exe'}
[2025-05-25 11:57:13] [INFO] {'pid': 26616, 'username': None, 'name': 'svchost.exe'}
[2025-05-25 11:57:13] [INFO] {'pid': 27540, 'username': 'DESKTOP-EDKH6J0\\frknc', 'name': 'WhatsApp.exe'}
[2025-05-25 11:57:13] [INFO] {'pid': 28148, 'username': None, 'name': 'svchost.exe'}
[2025-05-25 11:57:13] [INFO] {'pid': 29208, 'username': 'DESKTOP-EDKH6J0\\frknc', 'name': 'fsnotifier.exe'}
[2025-05-25 11:57:13] [INFO] {'pid': 29572, 'username': None, 'name': 'winlogon.exe'}
[2025-05-25 11:57:13] [INFO] {'pid': 29612, 'username': None, 'name': 'fontdrvhost.exe'}
[2025-05-25 11:57:13] [INFO] {'pid': 30216, 'username': 'DESKTOP-EDKH6J0\\frknc', 'name': 'opera.exe'}
[2025-05-25 11:57:13] [INFO] {'pid': 30316, 'username': 'DESKTOP-EDKH6J0\\frknc', 'name': 'opera_crashreporter.exe'}
[2025-05-25 11:57:13] [INFO] {'pid': 30492, 'username': None, 'name': 'svchost.exe'}
[2025-05-25 11:57:13] [INFO] {'pid': 30908, 'username': 'DESKTOP-EDKH6J0\\frknc', 'name': 'ShellExperienceHost.exe'}
[2025-05-25 11:57:13] [INFO] {'pid': 31512, 'username': 'DESKTOP-EDKH6J0\\frknc', 'name': 'SystemSettings.exe'}
[2025-05-25 11:57:13] [INFO] {'pid': 31760, 'username': None, 'name': 'SearchProtocolHost.exe'}
[2025-05-25 11:57:13] [INFO] {'pid': 31940, 'username': None, 'name': 'svchost.exe'}
[2025-05-25 11:57:13] [INFO] {'pid': 33784, 'username': None, 'name': 'avp.exe'}
[2025-05-25 11:57:13] [INFO] {'pid': 33904, 'username': 'DESKTOP-EDKH6J0\\frknc', 'name': 'SystemSettingsBroker.exe'}
[2025-05-25 11:57:13] [INFO] {'pid': 33920, 'username': None, 'name': 'audiodg.exe'}
[2025-05-25 11:57:13] [INFO] {'pid': 33972, 'username': 'DESKTOP-EDKH6J0\\frknc', 'name': 'ONENOTEM.EXE'}
[2025-05-25 11:57:13] [INFO] {'pid': 34228, 'username': 'DESKTOP-EDKH6J0\\frknc', 'name': 'Razer Central.exe'}
[2025-05-25 11:57:13] [INFO] {'pid': 34484, 'username': 'DESKTOP-EDKH6J0\\frknc', 'name': 'opera.exe'}
[2025-05-25 11:57:13] [INFO] {'pid': 34672, 'username': 'DESKTOP-EDKH6J0\\frknc', 'name': 'FileCoAuth.exe'}
[2025-05-25 11:57:13] [INFO] {'pid': 34744, 'username': 'DESKTOP-EDKH6J0\\frknc', 'name': 'SecurityHealthSystray.exe'}
[2025-05-25 11:57:13] [INFO] {'pid': 34748, 'username': 'DESKTOP-EDKH6J0\\frknc', 'name': 'EncoderServer.exe'}
[2025-05-25 11:57:13] [INFO] {'pid': 35632, 'username': 'DESKTOP-EDKH6J0\\frknc', 'name': 'LockApp.exe'}
[2025-05-25 11:57:13] [INFO] {'pid': 36128, 'username': 'DESKTOP-EDKH6J0\\frknc', 'name': 'smartscreen.exe'}
[2025-05-25 11:57:13] [INFO] {'pid': 37244, 'username': 'DESKTOP-EDKH6J0\\frknc', 'name': 'embeddings-server.exe'}
[2025-05-25 11:57:13] [INFO] {'pid': 37300, 'username': 'DESKTOP-EDKH6J0\\frknc', 'name': 'explorer.exe'}
[2025-05-25 11:57:13] [INFO] {'pid': 37664, 'username': None, 'name': 'NVDisplay.Container.exe'}
[2025-05-25 11:57:13] [INFO] {'pid': 38032, 'username': 'DESKTOP-EDKH6J0\\frknc', 'name': 'conhost.exe'}
[2025-05-25 11:57:13] [INFO] {'pid': 38352, 'username': 'DESKTOP-EDKH6J0\\frknc', 'name': 'RuntimeBroker.exe'}
[2025-05-25 11:57:13] [INFO] {'pid': 38416, 'username': None, 'name': 'csrss.exe'}
[2025-05-25 11:57:13] [INFO] {'pid': 38460, 'username': None, 'name': 'GCUService.exe'}
[2025-05-25 11:57:13] [INFO] {'pid': 38792, 'username': None, 'name': 'svchost.exe'}
[2025-05-25 11:57:13] [INFO] {'pid': 39104, 'username': 'DESKTOP-EDKH6J0\\frknc', 'name': 'vgtray.exe'}
[2025-05-25 11:57:13] [INFO] {'pid': 39428, 'username': 'DESKTOP-EDKH6J0\\frknc', 'name': 'opera.exe'}
[2025-05-25 11:57:13] [INFO] {'pid': 39760, 'username': 'DESKTOP-EDKH6J0\\frknc', 'name': 'opera.exe'}
[2025-05-25 11:57:13] [INFO] {'pid': 39968, 'username': 'DESKTOP-EDKH6J0\\frknc', 'name': 'nvsphelper64.exe'}
[2025-05-25 11:57:13] [INFO] {'pid': 40008, 'username': 'DESKTOP-EDKH6J0\\frknc', 'name': 'CefSharp.BrowserSubprocess.exe'}
[2025-05-25 11:57:13] [INFO] {'pid': 40188, 'username': 'DESKTOP-EDKH6J0\\frknc', 'name': 'conhost.exe'}
[2025-05-25 11:57:13] [INFO] {'pid': 40196, 'username': 'DESKTOP-EDKH6J0\\frknc', 'name': 'RtkAudUService64.exe'}
[2025-05-25 11:57:13] [INFO] {'pid': 40212, 'username': 'DESKTOP-EDKH6J0\\frknc', 'name': 'ApplicationFrameHost.exe'}
[2025-05-25 11:57:13] [INFO] {'pid': 40372, 'username': None, 'name': 'svchost.exe'}
[2025-05-25 11:57:13] [INFO] {'pid': 42024, 'username': 'DESKTOP-EDKH6J0\\frknc', 'name': 'RTSSHooksLoader64.exe'}
[2025-05-25 11:57:13] [INFO] {'pid': 42576, 'username': 'DESKTOP-EDKH6J0\\frknc', 'name': 'CefSharp.BrowserSubprocess.exe'}
[2025-05-25 11:57:13] [INFO] {'pid': 42648, 'username': 'DESKTOP-EDKH6J0\\frknc', 'name': 'plugin-nm-server-v2.exe'}
[2025-05-25 11:57:13] [INFO] {'pid': 42756, 'username': 'DESKTOP-EDKH6J0\\frknc', 'name': 'opera.exe'}
[2025-05-25 11:57:13] [INFO] {'pid': 42868, 'username': 'DESKTOP-EDKH6J0\\frknc', 'name': 'Razer Synapse 3.exe'}
[2025-05-25 11:57:13] [INFO] {'pid': 43260, 'username': 'DESKTOP-EDKH6J0\\frknc', 'name': 'opera.exe'}
[2025-05-25 11:57:13] [INFO] {'pid': 43648, 'username': 'DESKTOP-EDKH6J0\\frknc', 'name': 'opera.exe'}
[2025-05-25 11:57:13] [INFO] {'pid': 43772, 'username': 'DESKTOP-EDKH6J0\\frknc', 'name': 'opera.exe'}
[2025-05-25 11:57:13] [INFO] {'pid': 44100, 'username': 'DESKTOP-EDKH6J0\\frknc', 'name': 'RuntimeBroker.exe'}
[2025-05-25 11:57:14] [INFO] {'pid': 44664, 'username': None, 'name': 'MoUsoCoreWorker.exe'}
[2025-05-25 11:57:14] [INFO] {'pid': 44732, 'username': 'DESKTOP-EDKH6J0\\frknc', 'name': 'CefSharp.BrowserSubprocess.exe'}
[2025-05-25 11:57:14] [INFO] {'pid': 44876, 'username': 'DESKTOP-EDKH6J0\\frknc', 'name': 'opera.exe'}
[2025-05-25 11:57:14] [INFO] {'pid': 44920, 'username': 'DESKTOP-EDKH6J0\\frknc', 'name': 'svchost.exe'}
[2025-05-25 11:57:14] [INFO] {'pid': 45216, 'username': 'DESKTOP-EDKH6J0\\frknc', 'name': 'ipf_helper.exe'}
[2025-05-25 11:57:14] [INFO] {'pid': 45600, 'username': 'DESKTOP-EDKH6J0\\frknc', 'name': 'Microsoft.SharePoint.exe'}
[2025-05-25 11:57:14] [INFO] {'pid': 46016, 'username': None, 'name': 'svchost.exe'}
[2025-05-25 11:57:14] [INFO] {'pid': 46076, 'username': 'DESKTOP-EDKH6J0\\frknc', 'name': 'sihost.exe'}
[2025-05-25 11:57:14] [INFO] {'pid': 46204, 'username': 'DESKTOP-EDKH6J0\\frknc', 'name': 'opera.exe'}
[2025-05-25 11:57:14] [INFO] {'pid': 46704, 'username': 'DESKTOP-EDKH6J0\\frknc', 'name': 'UserOOBEBroker.exe'}
[2025-05-25 11:57:14] [INFO] {'pid': 46780, 'username': 'DESKTOP-EDKH6J0\\frknc', 'name': 'conhost.exe'}
[2025-05-25 11:57:14] [INFO] {'pid': 46872, 'username': 'DESKTOP-EDKH6J0\\frknc', 'name': 'NVIDIA Overlay.exe'}
[2025-05-25 11:57:14] [INFO] {'pid': 46988, 'username': 'DESKTOP-EDKH6J0\\frknc', 'name': 'avpui.exe'}
[2025-05-25 11:57:14] [INFO] {'pid': 47140, 'username': 'DESKTOP-EDKH6J0\\frknc', 'name': 'TextInputHost.exe'}
[2025-05-25 11:57:14] [INFO] {'pid': 47144, 'username': 'DESKTOP-EDKH6J0\\frknc', 'name': 'vmware-tray.exe'}
[2025-05-25 11:57:14] [INFO] {'pid': 47556, 'username': None, 'name': 'dwm.exe'}
[2025-05-25 11:57:14] [INFO] {'pid': 47608, 'username': 'DESKTOP-EDKH6J0\\frknc', 'name': 'RuntimeBroker.exe'}
[2025-05-25 11:57:14] [INFO] {'pid': 47692, 'username': 'DESKTOP-EDKH6J0\\frknc', 'name': 'CefSharp.BrowserSubprocess.exe'}
[2025-05-25 11:57:14] [INFO] {'pid': 47808, 'username': 'DESKTOP-EDKH6J0\\frknc', 'name': 'pycharm64.exe'}
[2025-05-25 11:57:14] [INFO] {'pid': 47952, 'username': 'DESKTOP-EDKH6J0\\frknc', 'name': 'opera.exe'}
[2025-05-25 11:57:14] [INFO] {'pid': 48464, 'username': 'DESKTOP-EDKH6J0\\frknc', 'name': 'CefSharp.BrowserSubprocess.exe'}
[2025-05-25 11:57:14] [INFO] {'pid': 48656, 'username': None, 'name': 'svchost.exe'}
[2025-05-25 11:57:14] [INFO] {'pid': 48872, 'username': None, 'name': 'svchost.exe'}
[2025-05-25 11:57:14] [INFO] {'pid': 49280, 'username': 'DESKTOP-EDKH6J0\\frknc', 'name': 'RuntimeBroker.exe'}
[2025-05-25 11:57:14] [INFO] {'pid': 49372, 'username': 'DESKTOP-EDKH6J0\\frknc', 'name': 'RuntimeBroker.exe'}
[2025-05-25 11:57:14] [INFO] {'pid': 49812, 'username': 'DESKTOP-EDKH6J0\\frknc', 'name': 'taskhostw.exe'}
[2025-05-25 11:57:14] [INFO] {'pid': 50048, 'username': 'DESKTOP-EDKH6J0\\frknc', 'name': 'RuntimeBroker.exe'}
[2025-05-25 11:57:14] [INFO] {'pid': 50116, 'username': 'DESKTOP-EDKH6J0\\frknc', 'name': 'opera.exe'}
[2025-05-25 11:57:14] [INFO] {'pid': 50200, 'username': 'DESKTOP-EDKH6J0\\frknc', 'name': 'NVIDIA Overlay.exe'}
[2025-05-25 11:57:14] [INFO] {'pid': 50496, 'username': None, 'name': 'svchost.exe'}
[2025-05-25 11:57:14] [INFO] {'pid': 50740, 'username': 'DESKTOP-EDKH6J0\\frknc', 'name': 'svchost.exe'}
[2025-05-25 11:57:14] [INFO] {'pid': 51180, 'username': 'DESKTOP-EDKH6J0\\frknc', 'name': 'svchost.exe'}
[2025-05-25 11:57:14] [INFO] {'pid': 51536, 'username': 'DESKTOP-EDKH6J0\\frknc', 'name': 'CompPkgSrv.exe'}
[2025-05-25 11:57:14] [INFO] {'pid': 51700, 'username': 'DESKTOP-EDKH6J0\\frknc', 'name': 'opera.exe'}
[2025-05-25 11:57:14] [INFO] {'pid': 52340, 'username': 'DESKTOP-EDKH6J0\\frknc', 'name': 'StartMenuExperienceHost.exe'}
[2025-05-25 11:57:14] [INFO] {'pid': 52424, 'username': 'DESKTOP-EDKH6J0\\frknc', 'name': 'opera.exe'}
[2025-05-25 11:57:14] [INFO] {'pid': 52460, 'username': 'DESKTOP-EDKH6J0\\frknc', 'name': 'ksdeui.exe'}
[2025-05-25 11:57:14] [INFO] {'pid': 52524, 'username': 'DESKTOP-EDKH6J0\\frknc', 'name': 'OneDrive.exe'}
[2025-05-25 11:57:14] [INFO] {'pid': 52584, 'username': 'DESKTOP-EDKH6J0\\frknc', 'name': 'opera.exe'}
[2025-05-25 11:57:14] [INFO] {'pid': 52848, 'username': 'DESKTOP-EDKH6J0\\frknc', 'name': 'Razer Synapse Service Process.exe'}
[2025-05-25 11:57:14] [INFO] {'pid': 53324, 'username': None, 'name': 'SearchFilterHost.exe'}
[2025-05-25 11:57:14] [INFO] {'pid': 53708, 'username': 'DESKTOP-EDKH6J0\\frknc', 'name': 'dllhost.exe'}
[2025-05-25 11:57:14] [INFO] {'pid': 53776, 'username': 'DESKTOP-EDKH6J0\\frknc', 'name': 'svchost.exe'}
[2025-05-25 11:57:14] [INFO] {'pid': 53920, 'username': 'DESKTOP-EDKH6J0\\frknc', 'name': 'PhoneExperienceHost.exe'}
[2025-05-25 11:57:14] [INFO] 
=== PORT SCAN ===
[2025-05-25 11:57:14] [INFO] Port: 139, Process: System (PID: 4)
[2025-05-25 11:57:14] [INFO] Port: 139, Process: System (PID: 4)
[2025-05-25 11:57:14] [INFO] Port: 49664, Process: lsass.exe (PID: 1204)
[2025-05-25 11:57:14] [INFO] Port: 13688, Process: GCUBridge.exe (PID: 5272)
[2025-05-25 11:57:14] [INFO] Port: 1337, Process: RzSDKServer.exe (PID: 5448)
[2025-05-25 11:57:14] [INFO] Port: 49673, Process: jhi_service.exe (PID: 5320)
[2025-05-25 11:57:14] [INFO] Port: 445, Process: System (PID: 4)
[2025-05-25 11:57:14] [INFO] Port: 139, Process: System (PID: 4)
[2025-05-25 11:57:14] [INFO] Port: 49676, Process: services.exe (PID: 1172)
[2025-05-25 11:57:14] [INFO] Port: 49676, Process: services.exe (PID: 1172)
[2025-05-25 11:57:14] [INFO] Port: 49667, Process: svchost.exe (PID: 2624)
[2025-05-25 11:57:14] [INFO] Port: 7680, Process: svchost.exe (PID: 30492)
[2025-05-25 11:57:14] [INFO] Port: 49679, Process: avp.exe (PID: 5264)
[2025-05-25 11:57:14] [INFO] Port: 49672, Process: spoolsv.exe (PID: 4820)
[2025-05-25 11:57:14] [INFO] Port: 7680, Process: svchost.exe (PID: 30492)
[2025-05-25 11:57:14] [INFO] Port: 445, Process: System (PID: 4)
[2025-05-25 11:57:14] [INFO] Port: 139, Process: System (PID: 4)
[2025-05-25 11:57:14] [INFO] Port: 63342, Process: pycharm64.exe (PID: 47808)
[2025-05-25 11:57:14] [INFO] Port: 65444, Process: RzDiagnostic (PID: 6836)
[2025-05-25 11:57:14] [INFO] Port: 912, Process: vmware-authd.exe (PID: 5464)
[2025-05-25 11:57:14] [INFO] Port: 5040, Process: svchost.exe (PID: 12624)
[2025-05-25 11:57:14] [INFO] Port: 23232, Process: Service.exe (PID: 5348)
[2025-05-25 11:57:14] [INFO] Port: 54235, Process: System (PID: 4)
[2025-05-25 11:57:14] [INFO] Port: 54235, Process: System (PID: 4)
[2025-05-25 11:57:14] [INFO] Port: 13344, Process: RzChromaStreamServer.exe (PID: 9524)
[2025-05-25 11:57:14] [INFO] Port: 49672, Process: spoolsv.exe (PID: 4820)
[2025-05-25 11:57:14] [INFO] Port: 902, Process: vmware-authd.exe (PID: 5464)
[2025-05-25 11:57:14] [INFO] Port: 13688, Process: GCUBridge.exe (PID: 5272)
[2025-05-25 11:57:14] [INFO] Port: 135, Process: svchost.exe (PID: 1428)
[2025-05-25 11:57:14] [INFO] Port: 48106, Process: embeddings-server.exe (PID: 37244)
[2025-05-25 11:57:14] [INFO] Port: 10000, Process: kpm.exe (PID: 14972)
[2025-05-25 11:57:14] [INFO] Port: 135, Process: svchost.exe (PID: 1428)
[2025-05-25 11:57:14] [INFO] Port: 49664, Process: lsass.exe (PID: 1204)
[2025-05-25 11:57:14] [INFO] Port: 5426, Process: System (PID: 4)
[2025-05-25 11:57:14] [INFO] Port: 13331, Process: RzChromaConnectServer (PID: 6712)
[2025-05-25 11:57:14] [INFO] Port: 42050, Process: Microsoft.SharePoint.exe (PID: 45600)
[2025-05-25 11:57:14] [INFO] Port: 49666, Process: svchost.exe (PID: 1960)
[2025-05-25 11:57:14] [INFO] Port: 5426, Process: System (PID: 4)
[2025-05-25 11:57:14] [INFO] Port: 13337, Process: RzSDKServer.exe (PID: 5448)
[2025-05-25 11:57:14] [INFO] Port: 49666, Process: svchost.exe (PID: 1960)
[2025-05-25 11:57:14] [INFO] Port: 48106, Process: embeddings-server.exe (PID: 37244)
[2025-05-25 11:57:14] [INFO] Port: 49665, Process: wininit.exe (PID: 1100)
[2025-05-25 11:57:14] [INFO] Port: 49667, Process: svchost.exe (PID: 2624)
[2025-05-25 11:57:14] [INFO] Port: 49665, Process: wininit.exe (PID: 1100)
[2025-05-25 11:57:14] [ERROR] ❌ No SSH auth logs found
[2025-05-25 11:57:14] [Level 21] ✅ All scans completed!
[2025-05-25 11:57:35] [INFO] 👋 Exiting...
